This is pdfTeX, Version 3.141592653-2.6-1.40.26 (TeX Live 2024) (preloaded format=pdflatex 2024.12.19)  21 MAR 2025 23:48
entering extended mode
 restricted \write18 enabled.
 file:line:error style messages enabled.
 %&-line parsing enabled.
**"/Users/ranystephan/Desktop/RIFLE/RIFLE Paper/RIFLE: Reinforcement learning for Integrated Fixed-income with Link-based Embeddings.tex"
(/Users/ranystephan/Desktop/RIFLE/RIFLE Paper/RIFLE: Reinforcement learning for Integrated Fixed-income with Link-based Embeddings.tex
LaTeX2e <2023-11-01> patch level 1
L3 programming layer <2024-02-20>
(./LTJournalArticle.cls
Document Class: LTJournalArticle 2023/02/07 LaTeX Templates Journal Article Class v2.0
(/usr/local/texlive/2024/texmf-dist/tex/latex/etoolbox/etoolbox.sty
Package: etoolbox 2020/10/05 v2.5k e-TeX tools for LaTeX (JAW)
\etb@tempcnta=\count188
) (/usr/local/texlive/2024/texmf-dist/tex/latex/base/article.cls
Document Class: article 2023/05/17 v1.4n Standard LaTeX document class
(/usr/local/texlive/2024/texmf-dist/tex/latex/base/size10.clo
File: size10.clo 2023/05/17 v1.4n Standard LaTeX file (size option)
)
\c@part=\count189
\c@section=\count190
\c@subsection=\count191
\c@subsubsection=\count192
\c@paragraph=\count193
\c@subparagraph=\count194
\c@figure=\count195
\c@table=\count196
\abovecaptionskip=\skip48
\belowcaptionskip=\skip49
\bibindent=\dimen140
) (/usr/local/texlive/2024/texmf-dist/tex/latex/graphics/graphicx.sty
Package: graphicx 2021/09/16 v1.2d Enhanced LaTeX Graphics (DPC,SPQR)
 (/usr/local/texlive/2024/texmf-dist/tex/latex/graphics/keyval.sty
Package: keyval 2022/05/29 v1.15 key=value parser (DPC)
\KV@toks@=\toks17
) (/usr/local/texlive/2024/texmf-dist/tex/latex/graphics/graphics.sty
Package: graphics 2022/03/10 v1.4e Standard LaTeX Graphics (DPC,SPQR)
 (/usr/local/texlive/2024/texmf-dist/tex/latex/graphics/trig.sty
Package: trig 2021/08/11 v1.11 sin cos tan (DPC)
) (/usr/local/texlive/2024/texmf-dist/tex/latex/graphics-cfg/graphics.cfg
File: graphics.cfg 2016/06/04 v1.11 sample graphics configuration
)
Package graphics Info: Driver file: pdftex.def on input line 107.
 (/usr/local/texlive/2024/texmf-dist/tex/latex/graphics-def/pdftex.def
File: pdftex.def 2022/09/22 v1.2b Graphics/color driver for pdftex
))
\Gin@req@height=\dimen141
\Gin@req@width=\dimen142
) (/usr/local/texlive/2024/texmf-dist/tex/latex/footmisc/footmisc.sty
Package: footmisc 2023/07/05 v6.0f a miscellany of footnote facilities
\FN@temptoken=\toks18
\footnotemargin=\dimen143
\@outputbox@depth=\dimen144
Package footmisc Info: Declaring symbol style bringhurst on input line 696.
Package footmisc Info: Declaring symbol style chicago on input line 704.
Package footmisc Info: Declaring symbol style wiley on input line 713.
Package footmisc Info: Declaring symbol style lamport-robust on input line 724.
Package footmisc Info: Declaring symbol style lamport* on input line 744.
Package footmisc Info: Declaring symbol style lamport*-robust on input line 765.
) (/usr/local/texlive/2024/texmf-dist/tex/latex/geometry/geometry.sty
Package: geometry 2020/01/02 v5.9 Page Geometry
 (/usr/local/texlive/2024/texmf-dist/tex/generic/iftex/ifvtex.sty
Package: ifvtex 2019/10/25 v1.7 ifvtex legacy package. Use iftex instead.
 (/usr/local/texlive/2024/texmf-dist/tex/generic/iftex/iftex.sty
Package: iftex 2022/02/03 v1.0f TeX engine tests
))
\Gm@cnth=\count197
\Gm@cntv=\count198
\c@Gm@tempcnt=\count199
\Gm@bindingoffset=\dimen145
\Gm@wd@mp=\dimen146
\Gm@odd@mp=\dimen147
\Gm@even@mp=\dimen148
\Gm@layoutwidth=\dimen149
\Gm@layoutheight=\dimen150
\Gm@layouthoffset=\dimen151
\Gm@layoutvoffset=\dimen152
\Gm@dimlist=\toks19
) (/usr/local/texlive/2024/texmf-dist/tex/latex/base/inputenc.sty
Package: inputenc 2021/02/14 v1.3d Input encoding file
\inpenc@prehook=\toks20
\inpenc@posthook=\toks21
) (/usr/local/texlive/2024/texmf-dist/tex/latex/base/fontenc.sty
Package: fontenc 2021/04/29 v2.0v Standard LaTeX package
) (/usr/local/texlive/2024/texmf-dist/tex/latex/psnfss/mathpazo.sty
Package: mathpazo 2020/03/25 PSNFSS-v9.3 Palatino w/ Pazo Math (D.Puga, WaS) 
\symupright=\mathgroup4
) (/usr/local/texlive/2024/texmf-dist/tex/latex/microtype/microtype.sty
Package: microtype 2023/03/13 v3.1a Micro-typographical refinements (RS)
\MT@toks=\toks22
\MT@tempbox=\box51
\MT@count=\count266
LaTeX Info: Redefining \noprotrusionifhmode on input line 1059.
LaTeX Info: Redefining \leftprotrusion on input line 1060.
\MT@prot@toks=\toks23
LaTeX Info: Redefining \rightprotrusion on input line 1078.
LaTeX Info: Redefining \textls on input line 1368.
\MT@outer@kern=\dimen153
LaTeX Info: Redefining \textmicrotypecontext on input line 1988.
\MT@listname@count=\count267
 (/usr/local/texlive/2024/texmf-dist/tex/latex/microtype/microtype-pdftex.def
File: microtype-pdftex.def 2023/03/13 v3.1a Definitions specific to pdftex (RS)
LaTeX Info: Redefining \lsstyle on input line 902.
LaTeX Info: Redefining \lslig on input line 902.
\MT@outer@space=\skip50
)
Package microtype Info: Loading configuration file microtype.cfg.
 (/usr/local/texlive/2024/texmf-dist/tex/latex/microtype/microtype.cfg
File: microtype.cfg 2023/03/13 v3.1a microtype main configuration file (RS)
)) (/usr/local/texlive/2024/texmf-dist/tex/latex/fancyhdr/fancyhdr.sty
Package: fancyhdr 2022/11/09 v4.1 Extensive control of page headers and footers
\f@nch@headwidth=\skip51
\f@nch@O@elh=\skip52
\f@nch@O@erh=\skip53
\f@nch@O@olh=\skip54
\f@nch@O@orh=\skip55
\f@nch@O@elf=\skip56
\f@nch@O@erf=\skip57
\f@nch@O@olf=\skip58
\f@nch@O@orf=\skip59
) (/usr/local/texlive/2024/texmf-dist/tex/latex/titlesec/titlesec.sty
Package: titlesec 2023/10/27 v2.16 Sectioning titles
\ttl@box=\box52
\beforetitleunit=\skip60
\aftertitleunit=\skip61
\ttl@plus=\dimen154
\ttl@minus=\dimen155
\ttl@toksa=\toks24
\titlewidth=\dimen156
\titlewidthlast=\dimen157
\titlewidthfirst=\dimen158
) (/usr/local/texlive/2024/texmf-dist/tex/latex/titling/titling.sty
Package: titling 2009/09/04 v2.1d maketitle typesetting
\thanksmarkwidth=\skip62
\thanksmargin=\skip63
\droptitle=\skip64
) (/usr/local/texlive/2024/texmf-dist/tex/latex/abstract/abstract.sty
Package: abstract 2009/06/08 v1.2a configurable abstracts
\abstitleskip=\skip65
\absleftindent=\skip66
\absrightindent=\skip67
\absparindent=\skip68
\absparsep=\skip69
) (/usr/local/texlive/2024/texmf-dist/tex/latex/biblatex/biblatex.sty
Package: biblatex 2023/03/05 v3.19 programmable bibliographies (PK/MW)
 (/usr/local/texlive/2024/texmf-dist/tex/generic/pdftexcmds/pdftexcmds.sty
Package: pdftexcmds 2020-06-27 v0.33 Utility functions of pdfTeX for LuaTeX (HO)
 (/usr/local/texlive/2024/texmf-dist/tex/generic/infwarerr/infwarerr.sty
Package: infwarerr 2019/12/03 v1.5 Providing info/warning/error messages (HO)
) (/usr/local/texlive/2024/texmf-dist/tex/generic/ltxcmds/ltxcmds.sty
Package: ltxcmds 2023-12-04 v1.26 LaTeX kernel commands for general use (HO)
)
Package pdftexcmds Info: \pdf@primitive is available.
Package pdftexcmds Info: \pdf@ifprimitive is available.
Package pdftexcmds Info: \pdfdraftmode found.
) (/usr/local/texlive/2024/texmf-dist/tex/latex/kvoptions/kvoptions.sty
Package: kvoptions 2022-06-15 v3.15 Key value format for package options (HO)
 (/usr/local/texlive/2024/texmf-dist/tex/latex/kvsetkeys/kvsetkeys.sty
Package: kvsetkeys 2022-10-05 v1.19 Key value parser (HO)
)) (/usr/local/texlive/2024/texmf-dist/tex/latex/logreq/logreq.sty
Package: logreq 2010/08/04 v1.0 xml request logger
\lrq@indent=\count268
 (/usr/local/texlive/2024/texmf-dist/tex/latex/logreq/logreq.def
File: logreq.def 2010/08/04 v1.0 logreq spec v1.0
)) (/usr/local/texlive/2024/texmf-dist/tex/latex/base/ifthen.sty
Package: ifthen 2022/04/13 v1.1d Standard LaTeX ifthen package (DPC)
) (/usr/local/texlive/2024/texmf-dist/tex/latex/url/url.sty
\Urlmuskip=\muskip16
Package: url 2013/09/16  ver 3.4  Verb mode for urls, etc.
)
\c@tabx@nest=\count269
\c@listtotal=\count270
\c@listcount=\count271
\c@liststart=\count272
\c@liststop=\count273
\c@citecount=\count274
\c@citetotal=\count275
\c@multicitecount=\count276
\c@multicitetotal=\count277
\c@instcount=\count278
\c@maxnames=\count279
\c@minnames=\count280
\c@maxitems=\count281
\c@minitems=\count282
\c@citecounter=\count283
\c@maxcitecounter=\count284
\c@savedcitecounter=\count285
\c@uniquelist=\count286
\c@uniquename=\count287
\c@refsection=\count288
\c@refsegment=\count289
\c@maxextratitle=\count290
\c@maxextratitleyear=\count291
\c@maxextraname=\count292
\c@maxextradate=\count293
\c@maxextraalpha=\count294
\c@abbrvpenalty=\count295
\c@highnamepenalty=\count296
\c@lownamepenalty=\count297
\c@maxparens=\count298
\c@parenlevel=\count299
\blx@tempcnta=\count300
\blx@tempcntb=\count301
\blx@tempcntc=\count302
\c@blx@maxsection=\count303
\blx@maxsegment@0=\count304
\blx@notetype=\count305
\blx@parenlevel@text=\count306
\blx@parenlevel@foot=\count307
\blx@sectionciteorder@0=\count308
\blx@sectionciteorderinternal@0=\count309
\blx@entrysetcounter=\count310
\blx@biblioinstance=\count311
\labelnumberwidth=\skip70
\labelalphawidth=\skip71
\biblabelsep=\skip72
\bibitemsep=\skip73
\bibnamesep=\skip74
\bibinitsep=\skip75
\bibparsep=\skip76
\bibhang=\skip77
\blx@bcfin=\read2
\blx@bcfout=\write3
\blx@langwohyphens=\language89
\c@mincomprange=\count312
\c@maxcomprange=\count313
\c@mincompwidth=\count314
Package biblatex Info: Trying to load biblatex default data model...
Package biblatex Info: ... file 'blx-dm.def' found.
 (/usr/local/texlive/2024/texmf-dist/tex/latex/biblatex/blx-dm.def
File: blx-dm.def 2023/03/05 v3.19 biblatex localization (PK/MW)
)
Package biblatex Info: Trying to load biblatex citestyle data model...
Package biblatex Info: ... file 'numeric.dbx' not found.
Package biblatex Info: Trying to load biblatex custom data model...
Package biblatex Info: ... file 'biblatex-dm.cfg' not found.
\c@afterword=\count315
\c@savedafterword=\count316
\c@annotator=\count317
\c@savedannotator=\count318
\c@author=\count319
\c@savedauthor=\count320
\c@bookauthor=\count321
\c@savedbookauthor=\count322
\c@commentator=\count323
\c@savedcommentator=\count324
\c@editor=\count325
\c@savededitor=\count326
\c@editora=\count327
\c@savededitora=\count328
\c@editorb=\count329
\c@savededitorb=\count330
\c@editorc=\count331
\c@savededitorc=\count332
\c@foreword=\count333
\c@savedforeword=\count334
\c@holder=\count335
\c@savedholder=\count336
\c@introduction=\count337
\c@savedintroduction=\count338
\c@namea=\count339
\c@savednamea=\count340
\c@nameb=\count341
\c@savednameb=\count342
\c@namec=\count343
\c@savednamec=\count344
\c@translator=\count345
\c@savedtranslator=\count346
\c@shortauthor=\count347
\c@savedshortauthor=\count348
\c@shorteditor=\count349
\c@savedshorteditor=\count350
\c@labelname=\count351
\c@savedlabelname=\count352
\c@institution=\count353
\c@savedinstitution=\count354
\c@lista=\count355
\c@savedlista=\count356
\c@listb=\count357
\c@savedlistb=\count358
\c@listc=\count359
\c@savedlistc=\count360
\c@listd=\count361
\c@savedlistd=\count362
\c@liste=\count363
\c@savedliste=\count364
\c@listf=\count365
\c@savedlistf=\count366
\c@location=\count367
\c@savedlocation=\count368
\c@organization=\count369
\c@savedorganization=\count370
\c@origlocation=\count371
\c@savedoriglocation=\count372
\c@origpublisher=\count373
\c@savedorigpublisher=\count374
\c@publisher=\count375
\c@savedpublisher=\count376
\c@language=\count377
\c@savedlanguage=\count378
\c@origlanguage=\count379
\c@savedoriglanguage=\count380
\c@pageref=\count381
\c@savedpageref=\count382
\shorthandwidth=\skip78
\shortjournalwidth=\skip79
\shortserieswidth=\skip80
\shorttitlewidth=\skip81
\shortauthorwidth=\skip82
\shorteditorwidth=\skip83
\locallabelnumberwidth=\skip84
\locallabelalphawidth=\skip85
\localshorthandwidth=\skip86
\localshortjournalwidth=\skip87
\localshortserieswidth=\skip88
\localshorttitlewidth=\skip89
\localshortauthorwidth=\skip90
\localshorteditorwidth=\skip91
Package biblatex Info: Trying to load compatibility code...
Package biblatex Info: ... file 'blx-compat.def' found.
 (/usr/local/texlive/2024/texmf-dist/tex/latex/biblatex/blx-compat.def
File: blx-compat.def 2023/03/05 v3.19 biblatex compatibility (PK/MW)
)
Package biblatex Info: Trying to load generic definitions...
Package biblatex Info: ... file 'biblatex.def' found.
 (/usr/local/texlive/2024/texmf-dist/tex/latex/biblatex/biblatex.def
File: biblatex.def 2023/03/05 v3.19 biblatex compatibility (PK/MW)
\c@textcitecount=\count383
\c@textcitetotal=\count384
\c@textcitemaxnames=\count385
\c@biburlbigbreakpenalty=\count386
\c@biburlbreakpenalty=\count387
\c@biburlnumpenalty=\count388
\c@biburlucpenalty=\count389
\c@biburllcpenalty=\count390
\biburlbigskip=\muskip17
\biburlnumskip=\muskip18
\biburlucskip=\muskip19
\biburllcskip=\muskip20
\c@smartand=\count391
)
Package biblatex Info: Trying to load bibliography style 'numeric'...
Package biblatex Info: ... file 'numeric.bbx' found.
 (/usr/local/texlive/2024/texmf-dist/tex/latex/biblatex/bbx/numeric.bbx
File: numeric.bbx 2023/03/05 v3.19 biblatex bibliography style (PK/MW)
Package biblatex Info: Trying to load bibliography style 'standard'...
Package biblatex Info: ... file 'standard.bbx' found.
 (/usr/local/texlive/2024/texmf-dist/tex/latex/biblatex/bbx/standard.bbx
File: standard.bbx 2023/03/05 v3.19 biblatex bibliography style (PK/MW)
\c@bbx:relatedcount=\count392
\c@bbx:relatedtotal=\count393
))
Package biblatex Info: Trying to load citation style 'numeric'...
Package biblatex Info: ... file 'numeric.cbx' found.
 (/usr/local/texlive/2024/texmf-dist/tex/latex/biblatex/cbx/numeric.cbx
File: numeric.cbx 2023/03/05 v3.19 biblatex citation style (PK/MW)
Package biblatex Info: Redefining '\cite'.
Package biblatex Info: Redefining '\parencite'.
Package biblatex Info: Redefining '\footcite'.
Package biblatex Info: Redefining '\footcitetext'.
Package biblatex Info: Redefining '\smartcite'.
Package biblatex Info: Redefining '\supercite'.
Package biblatex Info: Redefining '\textcite'.
Package biblatex Info: Redefining '\textcites'.
Package biblatex Info: Redefining '\cites'.
Package biblatex Info: Redefining '\parencites'.
Package biblatex Info: Redefining '\smartcites'.
)
Package biblatex Info: Trying to load configuration file...
Package biblatex Info: ... file 'biblatex.cfg' found.
 (/usr/local/texlive/2024/texmf-dist/tex/latex/biblatex/biblatex.cfg
File: biblatex.cfg 
)
Package biblatex Info: Input encoding 'utf8' detected.
Package biblatex Info: Document encoding is UTF8 ....
 (/usr/local/texlive/2024/texmf-dist/tex/latex/l3kernel/expl3.sty
Package: expl3 2024-02-20 L3 programming layer (loader) 
 (/usr/local/texlive/2024/texmf-dist/tex/latex/l3backend/l3backend-pdftex.def
File: l3backend-pdftex.def 2024-02-20 L3 backend support: PDF output (pdfTeX)
\l__color_backend_stack_int=\count394
\l__pdf_internal_box=\box53
))
Package biblatex Info: ... and expl3
(biblatex)             2024-02-20 L3 programming layer (loader) 
(biblatex)             is new enough (at least 2020/04/06),
(biblatex)             setting 'casechanger=expl3'.
 (/usr/local/texlive/2024/texmf-dist/tex/latex/biblatex/blx-case-expl3.sty (/usr/local/texlive/2024/texmf-dist/tex/latex/l3packages/xparse/xparse.sty
Package: xparse 2024-02-18 L3 Experimental document command parser
)
Package: blx-case-expl3 2023/03/05 v3.19 expl3 case changing code for biblatex
)) (/usr/local/texlive/2024/texmf-dist/tex/latex/booktabs/booktabs.sty
Package: booktabs 2020/01/12 v1.61803398 Publication quality tables
\heavyrulewidth=\dimen159
\lightrulewidth=\dimen160
\cmidrulewidth=\dimen161
\belowrulesep=\dimen162
\belowbottomsep=\dimen163
\aboverulesep=\dimen164
\abovetopsep=\dimen165
\cmidrulesep=\dimen166
\cmidrulekern=\dimen167
\defaultaddspace=\dimen168
\@cmidla=\count395
\@cmidlb=\count396
\@aboverulesep=\dimen169
\@belowrulesep=\dimen170
\@thisruleclass=\count397
\@lastruleclass=\count398
\@thisrulewidth=\dimen171
) (/usr/local/texlive/2024/texmf-dist/tex/latex/tools/array.sty
Package: array 2023/10/16 v2.5g Tabular extension package (FMi)
\col@sep=\dimen172
\ar@mcellbox=\box54
\extrarowheight=\dimen173
\NC@list=\toks25
\extratabsurround=\skip92
\backup@length=\skip93
\ar@cellbox=\box55
) (/usr/local/texlive/2024/texmf-dist/tex/latex/caption/caption.sty
Package: caption 2023/08/05 v3.6o Customizing captions (AR)
 (/usr/local/texlive/2024/texmf-dist/tex/latex/caption/caption3.sty
Package: caption3 2023/07/31 v2.4d caption3 kernel (AR)
\caption@tempdima=\dimen174
\captionmargin=\dimen175
\caption@leftmargin=\dimen176
\caption@rightmargin=\dimen177
\caption@width=\dimen178
\caption@indent=\dimen179
\caption@parindent=\dimen180
\caption@hangindent=\dimen181
Package caption Info: Standard document class detected.
)
\c@caption@flags=\count399
\c@continuedfloat=\count400
) (/usr/local/texlive/2024/texmf-dist/tex/latex/enumitem/enumitem.sty
Package: enumitem 2019/06/20 v3.9 Customized lists
\labelindent=\skip94
\enit@outerparindent=\dimen182
\enit@toks=\toks26
\enit@inbox=\box56
\enit@count@id=\count401
\enitdp@description=\count402
) (/usr/local/texlive/2024/texmf-dist/tex/latex/hyperref/hyperref.sty
Package: hyperref 2024-01-20 v7.01h Hypertext links for LaTeX
 (/usr/local/texlive/2024/texmf-dist/tex/generic/kvdefinekeys/kvdefinekeys.sty
Package: kvdefinekeys 2019-12-19 v1.6 Define keys (HO)
) (/usr/local/texlive/2024/texmf-dist/tex/generic/pdfescape/pdfescape.sty
Package: pdfescape 2019/12/09 v1.15 Implements pdfTeX's escape features (HO)
) (/usr/local/texlive/2024/texmf-dist/tex/latex/hycolor/hycolor.sty
Package: hycolor 2020-01-27 v1.10 Color options for hyperref/bookmark (HO)
) (/usr/local/texlive/2024/texmf-dist/tex/latex/auxhook/auxhook.sty
Package: auxhook 2019-12-17 v1.6 Hooks for auxiliary files (HO)
) (/usr/local/texlive/2024/texmf-dist/tex/latex/hyperref/nameref.sty
Package: nameref 2023-11-26 v2.56 Cross-referencing by name of section
 (/usr/local/texlive/2024/texmf-dist/tex/latex/refcount/refcount.sty
Package: refcount 2019/12/15 v3.6 Data extraction from label references (HO)
) (/usr/local/texlive/2024/texmf-dist/tex/generic/gettitlestring/gettitlestring.sty
Package: gettitlestring 2019/12/15 v1.6 Cleanup title references (HO)
)
\c@section@level=\count403
)
\@linkdim=\dimen183
\Hy@linkcounter=\count404
\Hy@pagecounter=\count405
 (/usr/local/texlive/2024/texmf-dist/tex/latex/hyperref/pd1enc.def
File: pd1enc.def 2024-01-20 v7.01h Hyperref: PDFDocEncoding definition (HO)
Now handling font encoding PD1 ...
... no UTF-8 mapping file for font encoding PD1
) (/usr/local/texlive/2024/texmf-dist/tex/generic/intcalc/intcalc.sty
Package: intcalc 2019/12/15 v1.3 Expandable calculations with integers (HO)
)
\Hy@SavedSpaceFactor=\count406
 (/usr/local/texlive/2024/texmf-dist/tex/latex/hyperref/puenc.def
File: puenc.def 2024-01-20 v7.01h Hyperref: PDF Unicode definition (HO)
Now handling font encoding PU ...
... no UTF-8 mapping file for font encoding PU
)
Package hyperref Info: Hyper figures OFF on input line 4179.
Package hyperref Info: Link nesting OFF on input line 4184.
Package hyperref Info: Hyper index ON on input line 4187.
Package hyperref Info: Plain pages OFF on input line 4194.
Package hyperref Info: Backreferencing OFF on input line 4199.
Package hyperref Info: Implicit mode ON; LaTeX internals redefined.
Package hyperref Info: Bookmarks ON on input line 4446.
\c@Hy@tempcnt=\count407
LaTeX Info: Redefining \url on input line 4784.
\XeTeXLinkMargin=\dimen184
 (/usr/local/texlive/2024/texmf-dist/tex/generic/bitset/bitset.sty
Package: bitset 2019/12/09 v1.3 Handle bit-vector datatype (HO)
 (/usr/local/texlive/2024/texmf-dist/tex/generic/bigintcalc/bigintcalc.sty
Package: bigintcalc 2019/12/15 v1.5 Expandable calculations on big integers (HO)
))
\Fld@menulength=\count408
\Field@Width=\dimen185
\Fld@charsize=\dimen186
Package hyperref Info: Hyper figures OFF on input line 6063.
Package hyperref Info: Link nesting OFF on input line 6068.
Package hyperref Info: Hyper index ON on input line 6071.
Package hyperref Info: backreferencing OFF on input line 6078.
Package hyperref Info: Link coloring OFF on input line 6083.
Package hyperref Info: Link coloring with OCG OFF on input line 6088.
Package hyperref Info: PDF/A mode OFF on input line 6093.
 (/usr/local/texlive/2024/texmf-dist/tex/latex/base/atbegshi-ltx.sty
Package: atbegshi-ltx 2021/01/10 v1.0c Emulation of the original atbegshi
package with kernel methods
)
\Hy@abspage=\count409
\c@Item=\count410
\c@Hfootnote=\count411
)
Package hyperref Info: Driver (autodetected): hpdftex.
 (/usr/local/texlive/2024/texmf-dist/tex/latex/hyperref/hpdftex.def
File: hpdftex.def 2024-01-20 v7.01h Hyperref driver for pdfTeX
 (/usr/local/texlive/2024/texmf-dist/tex/latex/base/atveryend-ltx.sty
Package: atveryend-ltx 2020/08/19 v1.0a Emulation of the original atveryend package
with kernel methods
)
\Fld@listcount=\count412
\c@bookmark@seq@number=\count413
 (/usr/local/texlive/2024/texmf-dist/tex/latex/rerunfilecheck/rerunfilecheck.sty
Package: rerunfilecheck 2022-07-10 v1.10 Rerun checks for auxiliary files (HO)
 (/usr/local/texlive/2024/texmf-dist/tex/generic/uniquecounter/uniquecounter.sty
Package: uniquecounter 2019/12/15 v1.4 Provide unlimited unique counter (HO)
)
Package uniquecounter Info: New unique counter `rerunfilecheck' on input line 285.
)
\Hy@SectionHShift=\skip95
)
Package hyperref Info: Option `colorlinks' set `true' on input line 213.
)
\@quotelevel=\count414
\@quotereset=\count415
LaTeX Font Info:    Trying to load font information for T1+pplx on input line 47.
 (/usr/local/texlive/2024/texmf-dist/tex/latex/psnfss/t1pplx.fd
File: t1pplx.fd 2004/09/06 font definitions for T1/pplx.
)
No file "RIFLE: Reinforcement learning for Integrated Fixed-income with Link-based Embeddings".aux.
\openout1 = `"RIFLE: Reinforcement learning for Integrated Fixed-income with Link-based Embeddings.aux"'.

LaTeX Font Info:    Checking defaults for OML/cmm/m/it on input line 47.
LaTeX Font Info:    ... okay on input line 47.
LaTeX Font Info:    Checking defaults for OMS/cmsy/m/n on input line 47.
LaTeX Font Info:    ... okay on input line 47.
LaTeX Font Info:    Checking defaults for OT1/cmr/m/n on input line 47.
LaTeX Font Info:    ... okay on input line 47.
LaTeX Font Info:    Checking defaults for T1/cmr/m/n on input line 47.
LaTeX Font Info:    ... okay on input line 47.
LaTeX Font Info:    Checking defaults for TS1/cmr/m/n on input line 47.
LaTeX Font Info:    ... okay on input line 47.
LaTeX Font Info:    Checking defaults for OMX/cmex/m/n on input line 47.
LaTeX Font Info:    ... okay on input line 47.
LaTeX Font Info:    Checking defaults for U/cmr/m/n on input line 47.
LaTeX Font Info:    ... okay on input line 47.
LaTeX Font Info:    Checking defaults for PD1/pdf/m/n on input line 47.
LaTeX Font Info:    ... okay on input line 47.
LaTeX Font Info:    Checking defaults for PU/pdf/m/n on input line 47.
LaTeX Font Info:    ... okay on input line 47.
(/usr/local/texlive/2024/texmf-dist/tex/context/base/mkii/supp-pdf.mkii
[Loading MPS to PDF converter (version 2006.09.02).]
\scratchcounter=\count416
\scratchdimen=\dimen187
\scratchbox=\box57
\nofMPsegments=\count417
\nofMParguments=\count418
\everyMPshowfont=\toks27
\MPscratchCnt=\count419
\MPscratchDim=\dimen188
\MPnumerator=\count420
\makeMPintoPDFobject=\count421
\everyMPtoPDFconversion=\toks28
) (/usr/local/texlive/2024/texmf-dist/tex/latex/epstopdf-pkg/epstopdf-base.sty
Package: epstopdf-base 2020-01-24 v2.11 Base part for package epstopdf
Package epstopdf-base Info: Redefining graphics rule for `.eps' on input line 485.
 (/usr/local/texlive/2024/texmf-dist/tex/latex/latexconfig/epstopdf-sys.cfg
File: epstopdf-sys.cfg 2010/07/13 v1.3 Configuration of (r)epstopdf for TeX Live
))
*geometry* driver: auto-detecting
*geometry* detected driver: pdftex
*geometry* verbose mode - [ preamble ] result:
* driver: pdftex
* paper: a4paper
* layout: <same size as paper>
* layoutoffset:(h,v)=(0.0pt,0.0pt)
* modes: twoside 
* h-part:(L,W,R)=(56.9055pt, 483.69687pt, 56.9055pt)
* v-part:(T,H,B)=(71.13188pt, 702.78308pt, 71.13188pt)
* \paperwidth=597.50787pt
* \paperheight=845.04684pt
* \textwidth=483.69687pt
* \textheight=702.78308pt
* \oddsidemargin=-15.36449pt
* \evensidemargin=-15.36449pt
* \topmargin=-34.47766pt
* \headheight=12.0pt
* \headsep=21.33955pt
* \topskip=10.0pt
* \footskip=28.45274pt
* \marginparwidth=48.0pt
* \marginparsep=10.0pt
* \columnsep=20.0pt
* \skip\footins=9.0pt plus 4.0pt minus 2.0pt
* \hoffset=0.0pt
* \voffset=0.0pt
* \mag=1000
* \@twocolumntrue
* \@twosidetrue
* \@mparswitchtrue
* \@reversemarginfalse
* (1in=72.27pt=25.4mm, 1cm=28.453pt)

\big@size=\dimen189
LaTeX Info: Redefining \microtypecontext on input line 47.
Package microtype Info: Applying patch `item' on input line 47.
Package microtype Info: Applying patch `toc' on input line 47.
Package microtype Info: Applying patch `eqnum' on input line 47.
Package microtype Info: Applying patch `footnote' on input line 47.
Package microtype Info: Applying patch `verbatim' on input line 47.
Package microtype Info: Generating PDF output.
Package microtype Info: Character protrusion enabled (level 2).
Package microtype Info: Using default protrusion set `alltext'.
Package microtype Info: Automatic font expansion enabled (level 2),
(microtype)             stretch: 20, shrink: 20, step: 1, non-selected.
Package microtype Info: Using default expansion set `alltext-nott'.
LaTeX Info: Redefining \showhyphens on input line 47.
Package microtype Info: No adjustment of tracking.
Package microtype Info: No adjustment of interword spacing.
Package microtype Info: No adjustment of character kerning.
(/usr/local/texlive/2024/texmf-dist/tex/latex/microtype/mt-ppl.cfg
File: mt-ppl.cfg 2005/11/16 v1.6 microtype config. file: Palatino (RS)
)
Package biblatex Info: Trying to load language 'english'...
Package biblatex Info: ... file 'english.lbx' found.
 (/usr/local/texlive/2024/texmf-dist/tex/latex/biblatex/lbx/english.lbx
File: english.lbx 2023/03/05 v3.19 biblatex localization (PK/MW)
)
Package biblatex Info: Input encoding 'utf8' detected.
Package biblatex Info: Automatic encoding selection.
(biblatex)             Assuming data encoding 'utf8'.
\openout3 = `"RIFLE: Reinforcement learning for Integrated Fixed-income with Link-based Embeddings.bcf"'.

Package biblatex Info: Trying to load bibliographic data...
Package biblatex Info: ... file '"RIFLE: Reinforcement learning for Integrated Fixed-income with Link-based Embeddings".bbl' not found.

No file "RIFLE: Reinforcement learning for Integrated Fixed-income with Link-based Embeddings".bbl.
Package biblatex Info: Reference section=0 on input line 47.
Package biblatex Info: Reference segment=0 on input line 47.
Package caption Info: Begin \AtBeginDocument code.
Package caption Info: hyperref package is loaded.
Package caption Info: End \AtBeginDocument code.
(/usr/local/texlive/2024/texmf-dist/tex/latex/graphics/color.sty
Package: color 2022/01/06 v1.3d Standard LaTeX Color (DPC)
 (/usr/local/texlive/2024/texmf-dist/tex/latex/graphics-cfg/color.cfg
File: color.cfg 2016/01/02 v1.6 sample color configuration
)
Package color Info: Driver file: pdftex.def on input line 149.
 (/usr/local/texlive/2024/texmf-dist/tex/latex/graphics/mathcolor.ltx))
Package hyperref Info: Link coloring ON on input line 47.
\@outlinefile=\write4
\openout4 = `"RIFLE: Reinforcement learning for Integrated Fixed-income with Link-based Embeddings.out"'.

LaTeX Font Info:    Trying to load font information for OT1+pplx on input line 49.
 (/usr/local/texlive/2024/texmf-dist/tex/latex/psnfss/ot1pplx.fd
File: ot1pplx.fd 2004/09/06 font definitions for OT1/pplx.
)
LaTeX Font Info:    Trying to load font information for OML+zplm on input line 49.
 (/usr/local/texlive/2024/texmf-dist/tex/latex/psnfss/omlzplm.fd
File: omlzplm.fd 2002/09/08 Fontinst v1.914 font definitions for OML/zplm.
)
LaTeX Font Info:    Trying to load font information for OMS+zplm on input line 49.
 (/usr/local/texlive/2024/texmf-dist/tex/latex/psnfss/omszplm.fd
File: omszplm.fd 2002/09/08 Fontinst v1.914 font definitions for OMS/zplm.
)
LaTeX Font Info:    Trying to load font information for OMX+zplm on input line 49.
 (/usr/local/texlive/2024/texmf-dist/tex/latex/psnfss/omxzplm.fd
File: omxzplm.fd 2002/09/08 Fontinst v1.914 font definitions for OMX/zplm.
)
LaTeX Font Info:    Trying to load font information for OT1+zplm on input line 49.
 (/usr/local/texlive/2024/texmf-dist/tex/latex/psnfss/ot1zplm.fd
File: ot1zplm.fd 2002/09/08 Fontinst v1.914 font definitions for OT1/zplm.
)
Package microtype Info: Loading generic protrusion settings for font family
(microtype)             `zplm' (encoding: OT1).
(microtype)             For optimal results, create family-specific settings.
(microtype)             See the microtype manual for details.


LaTeX Warning: Citation 'grbac2015' on page 1 undefined on input line 52.


LaTeX Warning: Citation 'bansal2002' on page 1 undefined on input line 52.


LaTeX Warning: Citation 'glasserman2016' on page 1 undefined on input line 52.


LaTeX Warning: Citation 'guidolin2011' on page 1 undefined on input line 52.


LaTeX Warning: Citation 'sutton2018' on page 1 undefined on input line 54.


LaTeX Warning: Citation 'fujimoto2018' on page 1 undefined on input line 54.


LaTeX Warning: Citation 'jiang2017' on page 1 undefined on input line 54.


LaTeX Warning: Citation 'yu2019' on page 1 undefined on input line 54.


LaTeX Warning: Citation 'kolm2019' on page 1 undefined on input line 54.


LaTeX Warning: Citation 'kalayci2021' on page 1 undefined on input line 54.


LaTeX Warning: Citation 'weber2019' on page 1 undefined on input line 56.


LaTeX Warning: Citation 'cheng2021' on page 1 undefined on input line 56.


LaTeX Warning: Citation 'li2020' on page 1 undefined on input line 56.


LaTeX Warning: Citation 'hamilton1989' on page 1 undefined on input line 56.


LaTeX Warning: Citation 'ang2002' on page 1 undefined on input line 56.


LaTeX Warning: Citation 'macaulay1938' on page 1 undefined on input line 62.


LaTeX Warning: Citation 'redington1952' on page 1 undefined on input line 62.


LaTeX Warning: Citation 'vasicek1977' on page 1 undefined on input line 62.


LaTeX Warning: Citation 'cox1985' on page 1 undefined on input line 62.


LaTeX Warning: Citation 'litterman1991' on page 1 undefined on input line 62.


Underfull \vbox (badness 10000) has occurred while \output is active []

 [1{/usr/local/texlive/2024/texmf-var/fonts/map/pdftex/updmap/pdftex.map}{/usr/local/texlive/2024/texmf-dist/fonts/enc/dvips/base/8r.enc}


]

LaTeX Warning: Citation 'bansal2002' on page 2 undefined on input line 64.


LaTeX Warning: Citation 'glasserman2016' on page 2 undefined on input line 64.


LaTeX Warning: Citation 'krauss2017' on page 2 undefined on input line 64.


LaTeX Warning: Citation 'bianchi2018' on page 2 undefined on input line 64.


LaTeX Warning: Citation 'heaton2017' on page 2 undefined on input line 64.


LaTeX Warning: Citation 'gu2020' on page 2 undefined on input line 64.


LaTeX Warning: Citation 'moody1998' on page 2 undefined on input line 66.


LaTeX Warning: Citation 'jiang2017' on page 2 undefined on input line 66.


LaTeX Warning: Citation 'yu2019' on page 2 undefined on input line 66.


LaTeX Warning: Citation 'kolm2019' on page 2 undefined on input line 66.


LaTeX Warning: Citation 'kalayci2021' on page 2 undefined on input line 66.


LaTeX Warning: Citation 'weber2019' on page 2 undefined on input line 68.


LaTeX Warning: Citation 'cheng2021' on page 2 undefined on input line 68.


LaTeX Warning: Citation 'li2020' on page 2 undefined on input line 68.


LaTeX Warning: Citation 'hamilton1989' on page 2 undefined on input line 70.


LaTeX Warning: Citation 'ang2002' on page 2 undefined on input line 70.


LaTeX Warning: Citation 'mulvey2014' on page 2 undefined on input line 70.


LaTeX Warning: Citation 'nystrup2018' on page 2 undefined on input line 70.


Underfull \hbox (badness 1005) in paragraph at lines 83--85
\T1/pplx/m/n/10 (+20) which in-cor-po-rates mean re-ver-sion. The Cox-
 []

[2]
Overfull \hbox (6.76674pt too wide) detected at line 97
\OML/zplm/m/it/10 P\OT1/zplm/m/n/10 (\OML/zplm/m/it/10 t\OT1/pplx/m/n/10 , \OML/zplm/m/it/10 T\OT1/zplm/m/n/10 ) = [] [] + []\OT1/pplx/m/n/10 ,
 []

/Users/ranystephan/Desktop/RIFLE/RIFLE Paper/RIFLE: Reinforcement learning for Integrated Fixed-income with Link-based Embeddings.tex:108: Undefined control sequence.
l.108 ...}_t \mid z_t=k) = \mathcal{N}(\boldsymbol
                                                  {\mu}_k, \boldsymbol{\Sigm...
The control sequence at the end of the top line
of your error message was never \def'ed. If you have
misspelled it (e.g., `\hobx'), type `I' and the correct
spelling (e.g., `I\hbox'). Otherwise just continue,
and I'll forget about whatever was undefined.

/Users/ranystephan/Desktop/RIFLE/RIFLE Paper/RIFLE: Reinforcement learning for Integrated Fixed-income with Link-based Embeddings.tex:108: Undefined control sequence.
l.108 ...athcal{N}(\boldsymbol{\mu}_k, \boldsymbol
                                                  {\Sigma}_k),
The control sequence at the end of the top line
of your error message was never \def'ed. If you have
misspelled it (e.g., `\hobx'), type `I' and the correct
spelling (e.g., `I\hbox'). Otherwise just continue,
and I'll forget about whatever was undefined.


LaTeX Warning: Citation 'hamilton1989' on page 3 undefined on input line 110.

/Users/ranystephan/Desktop/RIFLE/RIFLE Paper/RIFLE: Reinforcement learning for Integrated Fixed-income with Link-based Embeddings.tex:116: Undefined control sequence.
l.116 \mathbf{h}_i^{(l+1)} = \text
                                  {UPDATE}\Big(\mathbf{h}_i^{(l)}, \text{AGG...
The control sequence at the end of the top line
of your error message was never \def'ed. If you have
misspelled it (e.g., `\hobx'), type `I' and the correct
spelling (e.g., `I\hbox'). Otherwise just continue,
and I'll forget about whatever was undefined.

/Users/ranystephan/Desktop/RIFLE/RIFLE Paper/RIFLE: Reinforcement learning for Integrated Fixed-income with Link-based Embeddings.tex:116: Undefined control sequence.
l.116 ...ext{UPDATE}\Big(\mathbf{h}_i^{(l)}, \text
                                                  {AGGREGATE}\big(\{\mathbf{...
The control sequence at the end of the top line
of your error message was never \def'ed. If you have
misspelled it (e.g., `\hobx'), type `I' and the correct
spelling (e.g., `I\hbox'). Otherwise just continue,
and I'll forget about whatever was undefined.


Overfull \hbox (34.97284pt too wide) detected at line 117
\OT1/zplm/b/n/10 h[] \OT1/zplm/m/n/10 = [][]\OT1/zplm/b/n/10 h[]\OT1/pplx/m/n/10 , [][]\OMS/zplm/m/n/10 f\OT1/zplm/b/n/10 h[] \OT1/zplm/m/n/10 : \OML/zplm/m/it/10 j \OMS/zplm/m/n/10 2 N\OT1/zplm/m/n/10 (\OML/zplm/m/it/10 i\OT1/zplm/m/n/10 )\OMS/zplm/m/n/10 g[][]\OT1/pplx/m/n/10 ,
 []


LaTeX Warning: Citation 'cheng2021' on page 3 undefined on input line 118.


LaTeX Warning: Citation 'li2020' on page 3 undefined on input line 118.


Overfull \hbox (10.36098pt too wide) detected at line 129
\OML/zplm/m/it/10 r[] \OT1/zplm/m/n/10 = \OML/zplm/m/it/10 R[] \OMS/zplm/m/n/10 ^^@ \OML/zplm/m/it/10 ^^L^^[[] \OMS/zplm/m/n/10 ^^@ \OML/zplm/m/it/10 ^^M [] [][] \OMS/zplm/m/n/10 ^^@ \OML/zplm/m/it/10 ^^N TC\OT1/zplm/m/n/10 (\OT1/zplm/b/n/10 a[]\OT1/pplx/m/n/10 , \OT1/zplm/b/n/10 a[]\OT1/zplm/m/n/10 )\OT1/pplx/m/n/10 ,
 []


LaTeX Warning: Citation 'fujimoto2018' on page 3 undefined on input line 132.

/Users/ranystephan/Desktop/RIFLE/RIFLE Paper/RIFLE: Reinforcement learning for Integrated Fixed-income with Link-based Embeddings.tex:134: Undefined control sequence.
l.134 \mathcal{L}_{\text
                        {critic}} = \mathbb{E}\left[\left(Q(s,a) - \left(r +...
The control sequence at the end of the top line
of your error message was never \def'ed. If you have
misspelled it (e.g., `\hobx'), type `I' and the correct
spelling (e.g., `I\hbox'). Otherwise just continue,
and I'll forget about whatever was undefined.

LaTeX Font Info:    Trying to load font information for U+fplmbb on input line 134.
(/usr/local/texlive/2024/texmf-dist/tex/latex/psnfss/ufplmbb.fd
File: ufplmbb.fd 2003/10/30 Fontinst v1.914 font definitions for U/fplmbb.
)
Overfull \hbox (34.5135pt too wide) detected at line 135
\OMS/zplm/m/n/10 L[] \OT1/zplm/m/n/10 = \U/fplmbb/m/n/10 E [] \OT1/pplx/m/n/10 ,
 []

[3] [4]
Underfull \vbox (badness 4156) has occurred while \output is active []

 [5]

LaTeX Warning: Empty bibliography on input line 206.

[6

] (./RIFLE: Reinforcement learning for Integrated Fixed-income with Link-based Embeddings.aux)
 ***********
LaTeX2e <2023-11-01> patch level 1
L3 programming layer <2024-02-20>
 ***********


LaTeX Warning: There were undefined references.


LaTeX Warning: Label(s) may have changed. Rerun to get cross-references right.


Package rerunfilecheck Warning: File `"RIFLE: Reinforcement learning for Integrated Fixed-income with Link-based Embeddings".out' has changed.
(rerunfilecheck)                Rerun to get outlines right
(rerunfilecheck)                or use package `bookmark'.

Package rerunfilecheck Info: Checksums for `"RIFLE: Reinforcement learning for Integrated Fixed-income with Link-based Embeddings".out':
(rerunfilecheck)             Before: <no file>
(rerunfilecheck)             After:  DC18FA45372AA2BE53A07E4C95D54091;2163.

Package biblatex Warning: Please (re)run Biber on the file:
(biblatex)                "RIFLE: Reinforcement learning for Integrated Fixed-income with Link-based Embeddings"
(biblatex)                and rerun LaTeX afterwards.

Package logreq Info: Writing requests to '"RIFLE: Reinforcement learning for Integrated Fixed-income with Link-based Embeddings".run.xml'.
\openout1 = `"RIFLE: Reinforcement learning for Integrated Fixed-income with Link-based Embeddings.run.xml"'.

 ) 
Here is how much of TeX's memory you used:
 21319 strings out of 474116
 372667 string characters out of 5743681
 1948187 words of memory out of 5000000
 42997 multiletter control sequences out of 15000+600000
 637247 words of font info for 401 fonts, out of 8000000 for 9000
 1141 hyphenation exceptions out of 8191
 81i,13n,95p,1242b,1137s stack positions out of 10000i,1000n,20000p,200000b,200000s
</usr/local/texlive/2024/texmf-dist/fonts/type1/public/amsfonts/cm/cmex10.pfb></usr/local/texlive/2024/texmf-dist/fonts/type1/public/amsfonts/cm/cmr10.pfb></usr/local/texlive/2024/texmf-dist/fonts/type1/public/amsfonts/cm/cmsy10.pfb></usr/local/texlive/2024/texmf-dist/fonts/type1/public/mathpazo/fplmbb.pfb></usr/local/texlive/2024/texmf-dist/fonts/type1/public/mathpazo/fplmr.pfb></usr/local/texlive/2024/texmf-dist/fonts/type1/public/mathpazo/fplmri.pfb></usr/local/texlive/2024/texmf-dist/fonts/type1/urw/palatino/uplb8a.pfb></usr/local/texlive/2024/texmf-dist/fonts/type1/urw/palatino/uplr8a.pfb></usr/local/texlive/2024/texmf-dist/fonts/type1/urw/palatino/uplri8a.pfb>
Output written on "RIFLE: Reinforcement learning for Integrated Fixed-income with Link-based Embeddings.pdf" (6 pages, 137181 bytes).
PDF statistics:
 97 PDF objects out of 1000 (max. 8388607)
 70 compressed objects within 1 object stream
 21 named destinations out of 1000 (max. 500000)
 108033 words of extra memory for PDF output out of 128383 (max. 10000000)

